<?xml version="1.0" encoding="UTF-8"?>
<testng-results skipped="0" failed="0" ignored="0" total="1" passed="1">
  <reporter-output>
  </reporter-output>
  <suite name="Default suite" duration-ms="3989" started-at="2020-12-05T19:37:34 IST" finished-at="2020-12-05T19:37:38 IST">
    <groups>
    </groups>
    <test name="Default test" duration-ms="3989" started-at="2020-12-05T19:37:34 IST" finished-at="2020-12-05T19:37:38 IST">
      <class name="com.testscript.open_Chrome">
        <test-method status="PASS" signature="Test()[pri:0, instance:com.testscript.open_Chrome@9660f4e]" name="Test" duration-ms="3933" started-at="2020-12-05T19:37:34 IST" finished-at="2020-12-05T19:37:38 IST">
          <reporter-output>
          </reporter-output>
        </test-method> <!-- Test -->
      </class> <!-- com.testscript.open_Chrome -->
    </test> <!-- Default test -->
  </suite> <!-- Default suite -->
</testng-results>
