<?xml version="1.0" encoding="UTF-8"?>
<testng-results skipped="0" failed="0" ignored="0" total="1" passed="1">
  <reporter-output>
  </reporter-output>
  <suite name="Suite" duration-ms="46244" started-at="2020-12-08T15:08:35 IST" finished-at="2020-12-08T15:09:21 IST">
    <groups>
    </groups>
    <test name="Test" duration-ms="46244" started-at="2020-12-08T15:08:35 IST" finished-at="2020-12-08T15:09:21 IST">
      <class name="com.testscript.open_Chrome">
        <test-method status="PASS" signature="Test()[pri:0, instance:com.testscript.open_Chrome@2d6eabae]" name="Test" duration-ms="46180" started-at="2020-12-08T15:08:35 IST" finished-at="2020-12-08T15:09:21 IST">
          <reporter-output>
          </reporter-output>
        </test-method> <!-- Test -->
      </class> <!-- com.testscript.open_Chrome -->
    </test> <!-- Test -->
  </suite> <!-- Suite -->
</testng-results>
